<?xml version="1.0" encoding="UTF-8"?>
<!-- Generated by org.testng.reporters.JUnitReportReporter -->
<testsuite hostname="RANJITH-KUMAR" failures="0" tests="10" name="files.login" time="814.073" errors="0" timestamp="2023-09-26T15:11:58 IST" skipped="0">
  <testcase classname="files.login" name="Register" time="160.126"/>
  <system-out/>
  <testcase classname="files.login" name="CheckValidlogin" time="61.573"/>
  <system-out/>
  <testcase classname="files.login" name="checkInvalidlogin" time="70.945"/>
  <system-out/>
  <testcase classname="files.login" name="checkingSearchButton" time="57.219"/>
  <system-out/>
  <testcase classname="files.login" name="checkSelectCateogory" time="46.490"/>
  <system-out/>
  <testcase classname="files.login" name="checkMultiLogin" time="124.903"/>
  <system-out/>
  <testcase classname="files.login" name="checkViewPort" time="66.543"/>
  <system-out/>
  <testcase classname="files.login" name="checkProductDetails" time="61.419"/>
  <system-out/>
  <testcase classname="files.login" name="checkPlaceOrder" time="76.722"/>
  <system-out/>
  <testcase classname="files.login" name="removeOrder" time="88.133"/>
  <system-out/>
</testsuite> <!-- files.login -->
